sqhz_qy_terminal/library/build/outputs/logs/manifest-merger-release-report.txt
-- Merging decision tree log ---
manifest
ADDED from sqhz_water_terminal_2B\library\AndroidManifest.xml:2:1-11:12
INJECTED from sqhz_water_terminal_2B\library\AndroidManifest.xml:2:1-11:12
INJECTED from sqhz_water_terminal_2B\library\AndroidManifest.xml:2:1-11:12
INJECTED from sqhz_water_terminal_2B\library\AndroidManifest.xml:2:1-11:12
INJECTED from sqhz_water_terminal_2B\library\AndroidManifest.xml:2:1-11:12
INJECTED from sqhz_water_terminal_2B\library\AndroidManifest.xml:2:1-11:12
INJECTED from sqhz_water_terminal_2B\library\AndroidManifest.xml:2:1-11:12
	package
		ADDED from sqhz_water_terminal_2B\library\AndroidManifest.xml:3:5-49
		INJECTED from sqhz_water_terminal_2B\library\AndroidManifest.xml
		INJECTED from sqhz_water_terminal_2B\library\AndroidManifest.xml
	android:versionName
		ADDED from sqhz_water_terminal_2B\library\AndroidManifest.xml:5:5-32
		INJECTED from sqhz_water_terminal_2B\library\AndroidManifest.xml
		INJECTED from sqhz_water_terminal_2B\library\AndroidManifest.xml
	xmlns:android
		ADDED from sqhz_water_terminal_2B\library\AndroidManifest.xml:2:11-69
	android:versionCode
		ADDED from sqhz_water_terminal_2B\library\AndroidManifest.xml:4:5-31
		INJECTED from sqhz_water_terminal_2B\library\AndroidManifest.xml
		INJECTED from sqhz_water_terminal_2B\library\AndroidManifest.xml
uses-sdk
ADDED from sqhz_water_terminal_2B\library\AndroidManifest.xml:7:5-43
	android:minSdkVersion
		ADDED from sqhz_water_terminal_2B\library\AndroidManifest.xml:7:15-40
application
ADDED from sqhz_water_terminal_2B\library\AndroidManifest.xml:9:5-20